Using pre-set license
Built from '2020.3/staging' branch; Version is '2020.3.16f1 (049d6eca3c44) revision 302446'; Using compiler version '192528614'; Build Type 'Release'
OS: 'Windows 10 Enterprise; OS build 19042.1288; Version 2009; 64bit' Language: 'en' Physical Memory: 16212 MB
BatchMode: 1, IsHumanControllingUs: 0, StartBugReporterOnCrash: 0, Is64bit: 1, IsPro: 0

 COMMAND LINE ARGUMENTS:
C:\Program Files\Unity\Hub\Editor\2020.3.16f1\Editor\Unity.exe
-adb2
-batchMode
-noUpm
-name
AssetImportWorker0
-projectPath
C:/Users/bholmberg/Documents/Unity Projects/Assignment5
-logFile
Logs/AssetImportWorker0.log
-srvPort
61215
Successfully changed project path to: C:/Users/bholmberg/Documents/Unity Projects/Assignment5
C:/Users/bholmberg/Documents/Unity Projects/Assignment5
Using Asset Import Pipeline V2.
Refreshing native plugins compatible for Editor in 69.06 ms, found 2 plugins.
Preloading 0 native plugins for Editor in 0.00 ms.
Initialize engine version: 2020.3.16f1 (049d6eca3c44)
[Subsystems] Discovering subsystems at path C:/Program Files/Unity/Hub/Editor/2020.3.16f1/Editor/Data/Resources/UnitySubsystems
[Subsystems] Discovering subsystems at path C:/Users/bholmberg/Documents/Unity Projects/Assignment5/Assets
GfxDevice: creating device client; threaded=0
Direct3D:
    Version:  Direct3D 11.0 [level 11.1]
    Renderer: Intel(R) UHD Graphics 620 (ID=0x5917)
    Vendor:   
    VRAM:     8106 MB
    Driver:   27.20.100.8681
Initialize mono
Mono path[0] = 'C:/Program Files/Unity/Hub/Editor/2020.3.16f1/Editor/Data/Managed'
Mono path[1] = 'C:/Program Files/Unity/Hub/Editor/2020.3.16f1/Editor/Data/MonoBleedingEdge/lib/mono/unityjit'
Mono config path = 'C:/Program Files/Unity/Hub/Editor/2020.3.16f1/Editor/Data/MonoBleedingEdge/etc'
Using monoOptions --debugger-agent=transport=dt_socket,embedding=1,server=y,suspend=n,address=127.0.0.1:56672
Begin MonoManager ReloadAssembly
Registering precompiled unity dll's ...
Register platform support module: C:/Program Files/Unity/Hub/Editor/2020.3.16f1/Editor/Data/PlaybackEngines/WindowsStandaloneSupport/UnityEditor.WindowsStandalone.Extensions.dll
Registered in 0.006496 seconds.
Native extension for WindowsStandalone target not found
Refreshing native plugins compatible for Editor in 164.15 ms, found 2 plugins.
Preloading 0 native plugins for Editor in 0.00 ms.
Mono: successfully reloaded assembly
- Completed reload, in  4.409 seconds
Domain Reload Profiling:
	ReloadAssembly (4410ms)
		BeginReloadAssembly (156ms)
			ExecutionOrderSort (0ms)
			DisableScriptedObjects (0ms)
			BackupInstance (0ms)
			ReleaseScriptingObjects (0ms)
			CreateAndSetChildDomain (2ms)
		EndReloadAssembly (1222ms)
			LoadAssemblies (150ms)
			RebuildTransferFunctionScriptingTraits (0ms)
			SetupTypeCache (340ms)
			ReleaseScriptCaches (0ms)
			RebuildScriptCaches (127ms)
			SetupLoadedEditorAssemblies (488ms)
				LogAssemblyErrors (0ms)
				InitializePlatformSupportModulesInManaged (18ms)
				SetLoadedEditorAssemblies (2ms)
				RefreshPlugins (164ms)
				BeforeProcessingInitializeOnLoad (36ms)
				ProcessInitializeOnLoadAttributes (205ms)
				ProcessInitializeOnLoadMethodAttributes (63ms)
				AfterProcessingInitializeOnLoad (0ms)
				EditorAssembliesLoaded (0ms)
			ExecutionOrderSort2 (0ms)
			AwakeInstancesAfterBackupRestoration (0ms)
Platform modules already initialized, skipping
Registering precompiled user dll's ...
Registered in 0.019050 seconds.
Begin MonoManager ReloadAssembly
Native extension for WindowsStandalone target not found
Refreshing native plugins compatible for Editor in 0.88 ms, found 2 plugins.
Preloading 0 native plugins for Editor in 0.00 ms.
Mono: successfully reloaded assembly
- Completed reload, in  4.105 seconds
Domain Reload Profiling:
	ReloadAssembly (4113ms)
		BeginReloadAssembly (526ms)
			ExecutionOrderSort (0ms)
			DisableScriptedObjects (32ms)
			BackupInstance (0ms)
			ReleaseScriptingObjects (0ms)
			CreateAndSetChildDomain (36ms)
		EndReloadAssembly (3394ms)
			LoadAssemblies (393ms)
			RebuildTransferFunctionScriptingTraits (0ms)
			SetupTypeCache (1060ms)
			ReleaseScriptCaches (1ms)
			RebuildScriptCaches (231ms)
			SetupLoadedEditorAssemblies (1520ms)
				LogAssemblyErrors (0ms)
				InitializePlatformSupportModulesInManaged (10ms)
				SetLoadedEditorAssemblies (1ms)
				RefreshPlugins (1ms)
				BeforeProcessingInitializeOnLoad (331ms)
				ProcessInitializeOnLoadAttributes (1145ms)
				ProcessInitializeOnLoadMethodAttributes (11ms)
				AfterProcessingInitializeOnLoad (21ms)
				EditorAssembliesLoaded (0ms)
			ExecutionOrderSort2 (0ms)
			AwakeInstancesAfterBackupRestoration (37ms)
Platform modules already initialized, skipping
========================================================================
Worker process is ready to serve import requests
Launched and connected shader compiler UnityShaderCompiler.exe after 0.21 seconds
Refreshing native plugins compatible for Editor in 2.29 ms, found 2 plugins.
Preloading 0 native plugins for Editor in 0.00 ms.
Unloading 1421 Unused Serialized files (Serialized files now loaded: 0)
System memory in use before: 65.8 MB.
System memory in use after: 65.9 MB.

Unloading 18 unused Assets to reduce memory usage. Loaded Objects now: 1855.
Total: 7.703500 ms (FindLiveObjects: 0.349900 ms CreateObjectMapping: 0.120600 ms MarkObjects: 7.035800 ms  DeleteObjects: 0.194600 ms)

AssetImportParameters requested are different than current active one (requested -> active):
  custom:framework-win-MediaFoundation: 216162199b28c13a410421893ffa2e32 -> 
  custom:video-decoder-ogg-theora: a1e56fd34408186e4bbccfd4996cb3dc -> 
  custom:container-muxer-webm: aa71ff27fc2769a1b78a27578f13a17b -> 
  custom:container-demuxer-webm: 4f35f7cbe854078d1ac9338744f61a02 -> 
  custom:container-demuxer-ogg: 62fdf1f143b41e24485cea50d1cbac27 -> 
  custom:video-encoder-webm-vp8: eb34c28f22e8b96e1ab97ce403110664 -> 
  custom:video-decoder-webm-vp8: 9c59270c3fd7afecdb556c50c9e8de78 -> 
  custom:audio-decoder-ogg-vorbis: bf7c407c2cedff20999df2af8eb42d56 -> 
  custom:audio-encoder-webm-vorbis: bf7c407c2cedff20999df2af8eb42d56 -> 
========================================================================
Received Import Request.
  path: Assets/Prefabs/Particles/Dust.prefab
  artifactKey: Guid(c3a6efe5b6084c345a5387538f45b345) Importer(815301076,1909f56bfc062723c751e8b465ee728b)
Start importing Assets/Prefabs/Particles/Dust.prefab using Guid(c3a6efe5b6084c345a5387538f45b345) Importer(815301076,1909f56bfc062723c751e8b465ee728b)  -> (artifact id: '95feeafecf78dac0da0c382355ccdf51') in 1.029716 seconds 
  Import took 1.039103 seconds .

========================================================================
Received Import Request.
  Time since last request: 0.025581 seconds.
  path: Assets/Sounds/Hit_Hurt2.wav
  artifactKey: Guid(db4114c0b81682f4f9e6ffa36a89061b) Importer(815301076,1909f56bfc062723c751e8b465ee728b)
Start importing Assets/Sounds/Hit_Hurt2.wav using Guid(db4114c0b81682f4f9e6ffa36a89061b) Importer(815301076,1909f56bfc062723c751e8b465ee728b)  -> (artifact id: 'aaaf3335e13d935678a4c505f8a867bf') in 0.373469 seconds 
  Import took 0.386409 seconds .

========================================================================
Received Import Request.
  Time since last request: 0.001982 seconds.
  path: Assets/Sounds/Hit_Hurt4.wav
  artifactKey: Guid(ae37ae267b1161d4e895f6bbf54d5674) Importer(815301076,1909f56bfc062723c751e8b465ee728b)
Start importing Assets/Sounds/Hit_Hurt4.wav using Guid(ae37ae267b1161d4e895f6bbf54d5674) Importer(815301076,1909f56bfc062723c751e8b465ee728b)  -> (artifact id: '1c3d32f91349639b641635cbab0b76cf') in 0.066932 seconds 
  Import took 0.078844 seconds .

========================================================================
Received Import Request.
  Time since last request: 0.101269 seconds.
  path: Assets/Sprites/home button.jpg
  artifactKey: Guid(78d0936e1cbcc9447952dc3eb31b987a) Importer(815301076,1909f56bfc062723c751e8b465ee728b)
Start importing Assets/Sprites/home button.jpg using Guid(78d0936e1cbcc9447952dc3eb31b987a) Importer(815301076,1909f56bfc062723c751e8b465ee728b)  -> (artifact id: 'c55a69fb479147701746f89115a4b1fd') in 0.108859 seconds 
  Import took 0.114373 seconds .

========================================================================
Received Import Request.
  Time since last request: 0.000641 seconds.
  path: Assets/Sprites/Pause button.jpg
  artifactKey: Guid(e7153a32f0ca05f45a405cc264361c24) Importer(815301076,1909f56bfc062723c751e8b465ee728b)
Start importing Assets/Sprites/Pause button.jpg using Guid(e7153a32f0ca05f45a405cc264361c24) Importer(815301076,1909f56bfc062723c751e8b465ee728b)  -> (artifact id: '63a95d6a8e2926dd7568c6418bb3cf42') in 0.042171 seconds 
  Import took 0.049767 seconds .

========================================================================
Received Import Request.
  Time since last request: 0.000575 seconds.
  path: Assets/Sprites/play button.jpg
  artifactKey: Guid(de13a07e1f78f1f498b41f0ec76b25f0) Importer(815301076,1909f56bfc062723c751e8b465ee728b)
Start importing Assets/Sprites/play button.jpg using Guid(de13a07e1f78f1f498b41f0ec76b25f0) Importer(815301076,1909f56bfc062723c751e8b465ee728b)  -> (artifact id: '2b29aed75159f405e2e5f042e681ee3b') in 0.039966 seconds 
  Import took 0.045781 seconds .

========================================================================
Received Import Request.
  Time since last request: 0.000635 seconds.
  path: Assets/Sprites/Quit button.jpg
  artifactKey: Guid(87a5edf77b39b614f886c777ba06b729) Importer(815301076,1909f56bfc062723c751e8b465ee728b)
Start importing Assets/Sprites/Quit button.jpg using Guid(87a5edf77b39b614f886c777ba06b729) Importer(815301076,1909f56bfc062723c751e8b465ee728b)  -> (artifact id: '22b7abc625709bf56f68263021d61cb7') in 0.033110 seconds 
  Import took 0.038281 seconds .

========================================================================
Received Import Request.
  Time since last request: 0.784266 seconds.
  path: Assets/Textures/01murocrep512.jpg
  artifactKey: Guid(d3bde4ffc9247564a9fcd0283667f3d3) Importer(815301076,1909f56bfc062723c751e8b465ee728b)
Start importing Assets/Textures/01murocrep512.jpg using Guid(d3bde4ffc9247564a9fcd0283667f3d3) Importer(815301076,1909f56bfc062723c751e8b465ee728b)  -> (artifact id: 'b8cb9369a5c839794a5743a5ffec5800') in 0.017389 seconds 
  Import took 0.022832 seconds .

========================================================================
Received Import Request.
  Time since last request: 0.000449 seconds.
  path: Assets/Textures/crate_normal.png
  artifactKey: Guid(714eb70f5b8d6cf49a6000bfae01e1cc) Importer(815301076,1909f56bfc062723c751e8b465ee728b)
Start importing Assets/Textures/crate_normal.png using Guid(714eb70f5b8d6cf49a6000bfae01e1cc) Importer(815301076,1909f56bfc062723c751e8b465ee728b)  -> (artifact id: '5c81c5390b78988fd74c450227e58904') in 0.042140 seconds 
  Import took 0.047893 seconds .

========================================================================
Received Import Request.
  Time since last request: 0.000624 seconds.
  path: Assets/Textures/stone_wall02 (1).png
  artifactKey: Guid(43d98f03aa9322147937b400b58c12cd) Importer(815301076,1909f56bfc062723c751e8b465ee728b)
Start importing Assets/Textures/stone_wall02 (1).png using Guid(43d98f03aa9322147937b400b58c12cd) Importer(815301076,1909f56bfc062723c751e8b465ee728b)  -> (artifact id: '7f038667a80d3afa671d4f1c3f2b845f') in 0.038528 seconds 
  Import took 0.044369 seconds .

========================================================================
Received Import Request.
  Time since last request: 0.000578 seconds.
  path: Assets/Textures/05univ_esterno.png
  artifactKey: Guid(2326b317a77bcd244a0b97194b47c30d) Importer(815301076,1909f56bfc062723c751e8b465ee728b)
Start importing Assets/Textures/05univ_esterno.png using Guid(2326b317a77bcd244a0b97194b47c30d) Importer(815301076,1909f56bfc062723c751e8b465ee728b)  -> (artifact id: '16062213818a336c09e36397ef4692a8') in 0.019440 seconds 
  Import took 0.024865 seconds .

========================================================================
Received Import Request.
  Time since last request: 0.000592 seconds.
  path: Assets/Textures/02intonacopr_nt3.jpg
  artifactKey: Guid(ab50975753548bb4381df87a279e2ddb) Importer(815301076,1909f56bfc062723c751e8b465ee728b)
Start importing Assets/Textures/02intonacopr_nt3.jpg using Guid(ab50975753548bb4381df87a279e2ddb) Importer(815301076,1909f56bfc062723c751e8b465ee728b)  -> (artifact id: '4c7e73076747d5b3112dd5d83567fbef') in 0.019057 seconds 
  Import took 0.024969 seconds .

========================================================================
Received Import Request.
  Time since last request: 0.000429 seconds.
  path: Assets/Textures/brick_wall-red.png
  artifactKey: Guid(d18842bb623018c45887b8accd024bdb) Importer(815301076,1909f56bfc062723c751e8b465ee728b)
Start importing Assets/Textures/brick_wall-red.png using Guid(d18842bb623018c45887b8accd024bdb) Importer(815301076,1909f56bfc062723c751e8b465ee728b)  -> (artifact id: '962455593db239130b00cc532cd91654') in 0.022286 seconds 
  Import took 0.027467 seconds .

========================================================================
Received Import Request.
  Time since last request: 0.000697 seconds.
  path: Assets/Textures/stone_wall01.png
  artifactKey: Guid(243b1530ba52d3c48b5bffed27035984) Importer(815301076,1909f56bfc062723c751e8b465ee728b)
Start importing Assets/Textures/stone_wall01.png using Guid(243b1530ba52d3c48b5bffed27035984) Importer(815301076,1909f56bfc062723c751e8b465ee728b)  -> (artifact id: 'e658ee705d9eb6c36dce5afb1ea765f2') in 0.033461 seconds 
  Import took 0.038580 seconds .

========================================================================
Received Import Request.
  Time since last request: 0.000498 seconds.
  path: Assets/Textures/crate_ao.png
  artifactKey: Guid(28f3b4c38dff4be499258697f81f7e04) Importer(815301076,1909f56bfc062723c751e8b465ee728b)
Start importing Assets/Textures/crate_ao.png using Guid(28f3b4c38dff4be499258697f81f7e04) Importer(815301076,1909f56bfc062723c751e8b465ee728b)  -> (artifact id: '8cce0d22a46df80394b0dd1f316543eb') in 0.024244 seconds 
  Import took 0.029019 seconds .

========================================================================
Received Import Request.
  Time since last request: 0.008327 seconds.
  path: Assets/Textures/crate_ao.png
  artifactKey: Guid(28f3b4c38dff4be499258697f81f7e04) Importer(815301076,1909f56bfc062723c751e8b465ee728b)
Start importing Assets/Textures/crate_ao.png using Guid(28f3b4c38dff4be499258697f81f7e04) Importer(815301076,1909f56bfc062723c751e8b465ee728b)  -> (artifact id: '8cce0d22a46df80394b0dd1f316543eb') in 0.018651 seconds 
  Import took 0.023428 seconds .

========================================================================
Received Import Request.
  Time since last request: 17.666588 seconds.
  path: Assets/Models/Materials/Transparent.mat
  artifactKey: Guid(86063e2d8acf1d940944baeb3b3a7f87) Importer(815301076,1909f56bfc062723c751e8b465ee728b)
Start importing Assets/Models/Materials/Transparent.mat using Guid(86063e2d8acf1d940944baeb3b3a7f87) Importer(815301076,1909f56bfc062723c751e8b465ee728b)  -> (artifact id: '953ffded084aa3a086d1b3ed3cd3fe01') in 0.065131 seconds 
  Import took 0.071782 seconds .

========================================================================
Received Import Request.
  Time since last request: 156.136450 seconds.
  path: Assets/Prefabs/FirstPersonPlayer.prefab
  artifactKey: Guid(dcabe85e2af61184c9570b98845aff60) Importer(815301076,1909f56bfc062723c751e8b465ee728b)
Start importing Assets/Prefabs/FirstPersonPlayer.prefab using Guid(dcabe85e2af61184c9570b98845aff60) Importer(815301076,1909f56bfc062723c751e8b465ee728b)  -> (artifact id: '9ff4c06e50a7308bcbc43da3cacc3579') in 0.037331 seconds 
  Import took 0.042584 seconds .

========================================================================
Received Import Request.
  Time since last request: 34.742247 seconds.
  path: Assets/Prefabs/New Prefab.prefab
  artifactKey: Guid(01220fcf3b3b7cd4a9417f4cd8d746ad) Importer(815301076,1909f56bfc062723c751e8b465ee728b)
Start importing Assets/Prefabs/New Prefab.prefab using Guid(01220fcf3b3b7cd4a9417f4cd8d746ad) Importer(815301076,1909f56bfc062723c751e8b465ee728b)  -> (artifact id: '612832cd72c960ad50e86e25b33cb856') in 0.030303 seconds 
  Import took 0.036931 seconds .

========================================================================
Received Import Request.
  Time since last request: 8.316382 seconds.
  path: Assets/Prefabs/Laser.prefab
  artifactKey: Guid(01220fcf3b3b7cd4a9417f4cd8d746ad) Importer(815301076,1909f56bfc062723c751e8b465ee728b)
Start importing Assets/Prefabs/Laser.prefab using Guid(01220fcf3b3b7cd4a9417f4cd8d746ad) Importer(815301076,1909f56bfc062723c751e8b465ee728b)  -> (artifact id: 'cf5daf1b94988a745cc8659c0dda2abf') in 0.020110 seconds 
  Import took 0.027994 seconds .

========================================================================
Received Prepare
Registering precompiled user dll's ...
Registered in 0.013202 seconds.
Begin MonoManager ReloadAssembly
Native extension for WindowsStandalone target not found
Refreshing native plugins compatible for Editor in 0.38 ms, found 2 plugins.
Preloading 0 native plugins for Editor in 0.00 ms.
Mono: successfully reloaded assembly
- Completed reload, in  2.775 seconds
Domain Reload Profiling:
	ReloadAssembly (2775ms)
		BeginReloadAssembly (201ms)
			ExecutionOrderSort (0ms)
			DisableScriptedObjects (7ms)
			BackupInstance (0ms)
			ReleaseScriptingObjects (0ms)
			CreateAndSetChildDomain (49ms)
		EndReloadAssembly (2452ms)
			LoadAssemblies (173ms)
			RebuildTransferFunctionScriptingTraits (0ms)
			SetupTypeCache (566ms)
			ReleaseScriptCaches (1ms)
			RebuildScriptCaches (53ms)
			SetupLoadedEditorAssemblies (1433ms)
				LogAssemblyErrors (0ms)
				InitializePlatformSupportModulesInManaged (7ms)
				SetLoadedEditorAssemblies (1ms)
				RefreshPlugins (1ms)
				BeforeProcessingInitializeOnLoad (146ms)
				ProcessInitializeOnLoadAttributes (1254ms)
				ProcessInitializeOnLoadMethodAttributes (9ms)
				AfterProcessingInitializeOnLoad (17ms)
				EditorAssembliesLoaded (1ms)
			ExecutionOrderSort2 (0ms)
			AwakeInstancesAfterBackupRestoration (55ms)
Platform modules already initialized, skipping
Refreshing native plugins compatible for Editor in 0.43 ms, found 2 plugins.
Preloading 0 native plugins for Editor in 0.00 ms.
Unloading 1415 Unused Serialized files (Serialized files now loaded: 0)
System memory in use before: 69.3 MB.
System memory in use after: 69.4 MB.

Unloading 15 unused Assets to reduce memory usage. Loaded Objects now: 1907.
Total: 4.230200 ms (FindLiveObjects: 0.200400 ms CreateObjectMapping: 0.064800 ms MarkObjects: 3.894100 ms  DeleteObjects: 0.068900 ms)

AssetImportParameters requested are different than current active one (requested -> active):
  custom:framework-win-MediaFoundation: 216162199b28c13a410421893ffa2e32 -> 
  custom:video-decoder-ogg-theora: a1e56fd34408186e4bbccfd4996cb3dc -> 
  custom:container-muxer-webm: aa71ff27fc2769a1b78a27578f13a17b -> 
  custom:container-demuxer-webm: 4f35f7cbe854078d1ac9338744f61a02 -> 
  custom:container-demuxer-ogg: 62fdf1f143b41e24485cea50d1cbac27 -> 
  custom:video-encoder-webm-vp8: eb34c28f22e8b96e1ab97ce403110664 -> 
  custom:video-decoder-webm-vp8: 9c59270c3fd7afecdb556c50c9e8de78 -> 
  custom:audio-decoder-ogg-vorbis: bf7c407c2cedff20999df2af8eb42d56 -> 
  custom:audio-encoder-webm-vorbis: bf7c407c2cedff20999df2af8eb42d56 -> 
